<?xml version="1.0" encoding="UTF-8"?>
<robot generator="Robot 7.0.1 (Python 3.12.5 on win32)" generated="2025-03-17T21:09:24.085097" rpa="false" schemaversion="5">
<suite id="s1" name="Topic 07 Iframe" source="C:\Users\xghus\PycharmProjects\demorobot\TestSuite\Homework\Topic_07_Iframe.robot">
<test id="s1-t1" name="TC06 - Demo Nopcommerce" line="161">
<kw name="Log To Console" owner="BuiltIn">
<arg>S1: Open https://demo.nopcommerce.com/</arg>
<doc>Logs the given message to the console.</doc>
<status status="PASS" start="2025-03-17T21:09:24.388800" elapsed="0.000000"/>
</kw>
<kw name="Open Browser" owner="SeleniumLibrary">
<msg time="2025-03-17T21:09:24.388800" level="INFO">Opening browser 'chrome' to base url 'https://demo.nopcommerce.com/'.</msg>
<msg time="2025-03-17T21:09:27.914874" level="INFO">Cannot capture screenshot because no browser is open.</msg>
<msg time="2025-03-17T21:09:27.915883" level="FAIL">SessionNotCreatedException: Message: session not created: Chrome failed to start: crashed.
  (session not created: DevToolsActivePort file doesn't exist)
  (The process started from chrome location C:\Program Files\Google\Chrome\Application\chrome.exe is no longer running, so ChromeDriver is assuming that Chrome has crashed.)
Stacktrace:
	GetHandleVerifier [0x00007FF67583FE45+26629]
	(No symbol) [0x00007FF6757A6010]
	(No symbol) [0x00007FF67563931A]
	(No symbol) [0x00007FF675675D97]
	(No symbol) [0x00007FF675671B2D]
	(No symbol) [0x00007FF6756C5D0B]
	(No symbol) [0x00007FF6756C52E0]
	(No symbol) [0x00007FF6756B7883]
	(No symbol) [0x00007FF675680550]
	(No symbol) [0x00007FF675681803]
	GetHandleVerifier [0x00007FF675B972BD+3529853]
	GetHandleVerifier [0x00007FF675BADA22+3621858]
	GetHandleVerifier [0x00007FF675BA24D3+3575443]
	GetHandleVerifier [0x00007FF67590B77A+860474]
	(No symbol) [0x00007FF6757B088F]
	(No symbol) [0x00007FF6757ACBC4]
	(No symbol) [0x00007FF6757ACD66]
	(No symbol) [0x00007FF67579C2C9]
	BaseThreadInitThunk [0x00007FFE687AE8D7+23]
	RtlUserThreadStart [0x00007FFE696BBF6C+44]
</msg>
<arg>https://demo.nopcommerce.com/</arg>
<arg>chrome</arg>
<arg>options=add_argument('profile-directory=Profile 2');add_argument(r'user-data-dir=C:\Program Files\Google\Chrome\Application\chrome.exe')</arg>
<doc>Opens a new browser instance to the optional ``url``.</doc>
<status status="FAIL" start="2025-03-17T21:09:24.388800" elapsed="3.543478">SessionNotCreatedException: Message: session not created: Chrome failed to start: crashed.
  (session not created: DevToolsActivePort file doesn't exist)
  (The process started from chrome location C:\Program Files\Google\Chrome\Application\chrome.exe is no longer running, so ChromeDriver is assuming that Chrome has crashed.)
Stacktrace:
	GetHandleVerifier [0x00007FF67583FE45+26629]
	(No symbol) [0x00007FF6757A6010]
	(No symbol) [0x00007FF67563931A]
	(No symbol) [0x00007FF675675D97]
	(No symbol) [0x00007FF675671B2D]
	(No symbol) [0x00007FF6756C5D0B]
	(No symbol) [0x00007FF6756C52E0]
	(No symbol) [0x00007FF6756B7883]
	(No symbol) [0x00007FF675680550]
	(No symbol) [0x00007FF675681803]
	GetHandleVerifier [0x00007FF675B972BD+3529853]
	GetHandleVerifier [0x00007FF675BADA22+3621858]
	GetHandleVerifier [0x00007FF675BA24D3+3575443]
	GetHandleVerifier [0x00007FF67590B77A+860474]
	(No symbol) [0x00007FF6757B088F]
	(No symbol) [0x00007FF6757ACBC4]
	(No symbol) [0x00007FF6757ACD66]
	(No symbol) [0x00007FF67579C2C9]
	BaseThreadInitThunk [0x00007FFE687AE8D7+23]
	RtlUserThreadStart [0x00007FFE696BBF6C+44]
</status>
</kw>
<kw name="Set Selenium Implicit Wait" owner="SeleniumLibrary">
<arg>10</arg>
<doc>Sets the implicit wait value used by Selenium.</doc>
<status status="NOT RUN" start="2025-03-17T21:09:27.932278" elapsed="0.000000"/>
</kw>
<kw name="Maximize Browser Window" owner="SeleniumLibrary">
<doc>Maximizes current browser window.</doc>
<status status="NOT RUN" start="2025-03-17T21:09:27.932278" elapsed="0.000000"/>
</kw>
<kw name="Log To Console" owner="BuiltIn">
<arg>S2: Click on the Register link</arg>
<doc>Logs the given message to the console.</doc>
<status status="NOT RUN" start="2025-03-17T21:09:27.932278" elapsed="0.000000"/>
</kw>
<kw name="Click Element By Javascript">
<arg>//a[text()= 'Register']</arg>
<status status="NOT RUN" start="2025-03-17T21:09:27.933364" elapsed="0.000000"/>
</kw>
<kw name="Log To Console" owner="BuiltIn">
<arg>S3: Enter all information by Javascript</arg>
<doc>Logs the given message to the console.</doc>
<status status="NOT RUN" start="2025-03-17T21:09:27.933364" elapsed="0.000000"/>
</kw>
<kw name="Click Element By Javascript">
<arg>//input[@id='gender-male']</arg>
<status status="NOT RUN" start="2025-03-17T21:09:27.933364" elapsed="0.000000"/>
</kw>
<kw name="Input Text By Javascript">
<arg>//input[@id='FirstName']</arg>
<arg>Pham</arg>
<status status="NOT RUN" start="2025-03-17T21:09:27.933364" elapsed="0.000000"/>
</kw>
<kw name="Input Text By Javascript">
<arg>//input[@id='LastName']</arg>
<arg>Khanh</arg>
<status status="NOT RUN" start="2025-03-17T21:09:27.933364" elapsed="0.000000"/>
</kw>
<kw name="Input Text By Javascript">
<arg>//input[@id='Email']</arg>
<arg>phamkhanh@gmail.com</arg>
<status status="NOT RUN" start="2025-03-17T21:09:27.933364" elapsed="0.000000"/>
</kw>
<kw name="Input Text By Javascript">
<arg>//input[@id='Company']</arg>
<arg>Urbox</arg>
<status status="NOT RUN" start="2025-03-17T21:09:27.933364" elapsed="0.000000"/>
</kw>
<kw name="Input Text By Javascript">
<arg>//input[@id='Password']</arg>
<arg>12345678</arg>
<status status="NOT RUN" start="2025-03-17T21:09:27.934468" elapsed="0.000000"/>
</kw>
<kw name="Input Text By Javascript">
<arg>//input[@id='ConfirmPassword']</arg>
<arg>12345678</arg>
<status status="NOT RUN" start="2025-03-17T21:09:27.934468" elapsed="0.000000"/>
</kw>
<kw name="Log To Console" owner="BuiltIn">
<arg>S4: Click on Register button</arg>
<doc>Logs the given message to the console.</doc>
<status status="NOT RUN" start="2025-03-17T21:09:27.934468" elapsed="0.000000"/>
</kw>
<kw name="Click Element By Javascript">
<arg>//button[@id='register-button']</arg>
<status status="NOT RUN" start="2025-03-17T21:09:27.934468" elapsed="0.000000"/>
</kw>
<kw name="Log To Console" owner="BuiltIn">
<arg>S5: Verify register successfully</arg>
<doc>Logs the given message to the console.</doc>
<status status="NOT RUN" start="2025-03-17T21:09:27.934468" elapsed="0.000000"/>
</kw>
<kw name="Page Should Contain" owner="SeleniumLibrary">
<arg>Your registration completed</arg>
<doc>Verifies that current page contains ``text``.</doc>
<status status="NOT RUN" start="2025-03-17T21:09:27.934468" elapsed="0.000000"/>
</kw>
<kw name="Close Browser" owner="SeleniumLibrary">
<doc>Closes the current browser.</doc>
<status status="NOT RUN" start="2025-03-17T21:09:27.934468" elapsed="0.000000"/>
</kw>
<tag>frame1</tag>
<status status="FAIL" start="2025-03-17T21:09:24.387769" elapsed="3.546699">SessionNotCreatedException: Message: session not created: Chrome failed to start: crashed.
  (session not created: DevToolsActivePort file doesn't exist)
  (The process started from chrome location C:\Program Files\Google\Chrome\Application\chrome.exe is no longer running, so ChromeDriver is assuming that Chrome has crashed.)
Stacktrace:
	GetHandleVerifier [0x00007FF67583FE45+26629]
	(No symbol) [0x00007FF6757A6010]
	(No symbol) [0x00007FF67563931A]
	(No symbol) [0x00007FF675675D97]
	(No symbol) [0x00007FF675671B2D]
	(No symbol) [0x00007FF6756C5D0B]
	(No symbol) [0x00007FF6756C52E0]
	(No symbol) [0x00007FF6756B7883]
	(No symbol) [0x00007FF675680550]
	(No symbol) [0x00007FF675681803]
	GetHandleVerifier [0x00007FF675B972BD+3529853]
	GetHandleVerifier [0x00007FF675BADA22+3621858]
	GetHandleVerifier [0x00007FF675BA24D3+3575443]
	GetHandleVerifier [0x00007FF67590B77A+860474]
	(No symbol) [0x00007FF6757B088F]
	(No symbol) [0x00007FF6757ACBC4]
	(No symbol) [0x00007FF6757ACD66]
	(No symbol) [0x00007FF67579C2C9]
	BaseThreadInitThunk [0x00007FFE687AE8D7+23]
	RtlUserThreadStart [0x00007FFE696BBF6C+44]
</status>
</test>
<status status="FAIL" start="2025-03-17T21:09:24.111806" elapsed="3.824049"/>
</suite>
<statistics>
<total>
<stat pass="0" fail="1" skip="0">All Tests</stat>
</total>
<tag>
<stat pass="0" fail="1" skip="0">frame1</stat>
</tag>
<suite>
<stat pass="0" fail="1" skip="0" id="s1" name="Topic 07 Iframe">Topic 07 Iframe</stat>
</suite>
</statistics>
<errors>
<msg time="2025-03-17T21:09:24.076774" level="WARN">Error in file 'C:\Users\xghus\PycharmProjects\demorobot\TestSuite\Homework\Topic_07_Iframe.robot' on line 200: The '[Return]' setting is deprecated. Use the 'RETURN' statement instead.</msg>
<msg time="2025-03-17T21:09:24.076774" level="WARN">Error in file 'C:\Users\xghus\PycharmProjects\demorobot\TestSuite\Homework\Topic_07_Iframe.robot' on line 204: The '[Return]' setting is deprecated. Use the 'RETURN' statement instead.</msg>
<msg time="2025-03-17T21:09:24.076774" level="WARN">Error in file 'C:\Users\xghus\PycharmProjects\demorobot\TestSuite\Homework\Topic_07_Iframe.robot' on line 208: The '[Return]' setting is deprecated. Use the 'RETURN' statement instead.</msg>
<msg time="2025-03-17T21:09:24.076774" level="WARN">Error in file 'C:\Users\xghus\PycharmProjects\demorobot\TestSuite\Homework\Topic_07_Iframe.robot' on line 212: The '[Return]' setting is deprecated. Use the 'RETURN' statement instead.</msg>
<msg time="2025-03-17T21:09:24.076774" level="WARN">Error in file 'C:\Users\xghus\PycharmProjects\demorobot\TestSuite\Homework\Topic_07_Iframe.robot' on line 216: The '[Return]' setting is deprecated. Use the 'RETURN' statement instead.</msg>
<msg time="2025-03-17T21:09:24.076774" level="WARN">Error in file 'C:\Users\xghus\PycharmProjects\demorobot\TestSuite\Homework\Topic_07_Iframe.robot' on line 220: The '[Return]' setting is deprecated. Use the 'RETURN' statement instead.</msg>
<msg time="2025-03-17T21:09:24.076774" level="WARN">Error in file 'C:\Users\xghus\PycharmProjects\demorobot\TestSuite\Homework\Topic_07_Iframe.robot' on line 227: The '[Return]' setting is deprecated. Use the 'RETURN' statement instead.</msg>
</errors>
</robot>
